<?xml version="1.0" encoding="UTF-8"?>
<!-- Generated by org.testng.reporters.JUnitReportReporter -->
<testsuite hostname="DESKTOP-NBISK4G" failures="0" tests="1" name="flipkart.PlaceOrder" time="26.033" errors="0" timestamp="2023-02-16T19:24:54 IST" skipped="0">
  <testcase classname="flipkart.PlaceOrder" name="placeOrder" time="26.033"/>
  <system-out/>
</testsuite> <!-- flipkart.PlaceOrder -->
